

Started GET "/" for 127.0.0.1 at 2013-11-28 23:20:00 -0500
Processing by Rails::WelcomeController#index as HTML
  Rendered /home/sfisher/.rvm/gems/ruby-2.0.0-p247/gems/railties-4.0.1/lib/rails/templates/rails/welcome/index.html.erb (1.6ms)
Completed 200 OK in 59ms (Views: 37.2ms | ActiveRecord: 0.0ms)


Started GET "/rails/info/properties" for 127.0.0.1 at 2013-11-28 23:24:26 -0500
Processing by Rails::InfoController#properties as */*
  Rendered /home/sfisher/.rvm/gems/ruby-2.0.0-p247/gems/railties-4.0.1/lib/rails/templates/rails/info/properties.html.erb (0.3ms)
Completed 200 OK in 25ms (Views: 10.9ms | ActiveRecord: 1.3ms)


Started GET "/" for 127.0.0.1 at 2013-11-28 23:33:17 -0500
Processing by WelcomeController#index as HTML
  Rendered welcome/index.html.erb within layouts/application (0.6ms)
Completed 200 OK in 341ms (Views: 329.2ms | ActiveRecord: 0.0ms)


Started GET "/assets/welcome.css?body=1" for 127.0.0.1 at 2013-11-28 23:33:18 -0500


Started GET "/assets/welcome.js?body=1" for 127.0.0.1 at 2013-11-28 23:33:18 -0500


Started GET "/assets/application.css?body=1" for 127.0.0.1 at 2013-11-28 23:33:18 -0500


Started GET "/assets/application.js?body=1" for 127.0.0.1 at 2013-11-28 23:33:18 -0500


Started GET "/assets/jquery_ujs.js?body=1" for 127.0.0.1 at 2013-11-28 23:33:18 -0500


Started GET "/assets/turbolinks.js?body=1" for 127.0.0.1 at 2013-11-28 23:33:18 -0500


Started GET "/assets/jquery.js?body=1" for 127.0.0.1 at 2013-11-28 23:33:18 -0500


Started GET "/" for 127.0.0.1 at 2013-11-28 23:54:24 -0500
Processing by WelcomeController#index as HTML
  Rendered welcome/index.html.erb within layouts/application (0.6ms)
Completed 200 OK in 48ms (Views: 36.0ms | ActiveRecord: 0.0ms)


Started GET "/assets/application.css?body=1" for 127.0.0.1 at 2013-11-28 23:54:24 -0500


Started GET "/assets/welcome.css?body=1" for 127.0.0.1 at 2013-11-28 23:54:24 -0500


Started GET "/assets/turbolinks.js?body=1" for 127.0.0.1 at 2013-11-28 23:54:24 -0500


Started GET "/assets/jquery.js?body=1" for 127.0.0.1 at 2013-11-28 23:54:24 -0500


Started GET "/assets/jquery_ujs.js?body=1" for 127.0.0.1 at 2013-11-28 23:54:24 -0500


Started GET "/assets/welcome.js?body=1" for 127.0.0.1 at 2013-11-28 23:54:24 -0500


Started GET "/assets/application.js?body=1" for 127.0.0.1 at 2013-11-28 23:54:24 -0500


Started GET "/" for 127.0.0.1 at 2013-11-28 23:57:59 -0500
Processing by WelcomeController#index as HTML
  Rendered welcome/index.html.erb within layouts/application (0.6ms)
Completed 200 OK in 125ms (Views: 111.9ms | ActiveRecord: 0.0ms)


Started GET "/assets/application.css?body=1" for 127.0.0.1 at 2013-11-28 23:57:59 -0500


Started GET "/assets/movies.css?body=1" for 127.0.0.1 at 2013-11-28 23:57:59 -0500


Started GET "/assets/movies.js?body=1" for 127.0.0.1 at 2013-11-28 23:57:59 -0500


Started GET "/assets/jquery_ujs.js?body=1" for 127.0.0.1 at 2013-11-28 23:57:59 -0500


Started GET "/assets/welcome.css?body=1" for 127.0.0.1 at 2013-11-28 23:57:59 -0500


Started GET "/assets/jquery.js?body=1" for 127.0.0.1 at 2013-11-28 23:57:59 -0500


Started GET "/assets/turbolinks.js?body=1" for 127.0.0.1 at 2013-11-28 23:57:59 -0500


Started GET "/assets/welcome.js?body=1" for 127.0.0.1 at 2013-11-28 23:57:59 -0500


Started GET "/assets/application.js?body=1" for 127.0.0.1 at 2013-11-28 23:57:59 -0500


Started GET "/movies" for 127.0.0.1 at 2013-11-28 23:58:02 -0500
Processing by MoviesController#index as HTML
  Rendered movies/index.html.erb within layouts/application (0.3ms)
Completed 200 OK in 5ms (Views: 4.0ms | ActiveRecord: 0.0ms)


Started GET "/assets/jquery.js?body=1" for 127.0.0.1 at 2013-11-28 23:58:02 -0500


Started GET "/assets/application.css?body=1" for 127.0.0.1 at 2013-11-28 23:58:02 -0500


Started GET "/assets/jquery_ujs.js?body=1" for 127.0.0.1 at 2013-11-28 23:58:02 -0500


Started GET "/assets/welcome.css?body=1" for 127.0.0.1 at 2013-11-28 23:58:02 -0500


Started GET "/assets/welcome.js?body=1" for 127.0.0.1 at 2013-11-28 23:58:02 -0500


Started GET "/assets/turbolinks.js?body=1" for 127.0.0.1 at 2013-11-28 23:58:02 -0500


Started GET "/assets/application.js?body=1" for 127.0.0.1 at 2013-11-28 23:58:02 -0500


Started GET "/movies/new" for 127.0.0.1 at 2013-11-29 00:05:42 -0500
Processing by MoviesController#new as HTML
  Rendered movies/new.html.erb within layouts/application (0.3ms)
Completed 200 OK in 4ms (Views: 3.5ms | ActiveRecord: 0.0ms)


Started GET "/assets/application.css?body=1" for 127.0.0.1 at 2013-11-29 00:05:42 -0500


Started GET "/assets/turbolinks.js?body=1" for 127.0.0.1 at 2013-11-29 00:05:42 -0500


Started GET "/assets/movies.js?body=1" for 127.0.0.1 at 2013-11-29 00:05:42 -0500


Started GET "/assets/jquery_ujs.js?body=1" for 127.0.0.1 at 2013-11-29 00:05:42 -0500


Started GET "/assets/movies.css?body=1" for 127.0.0.1 at 2013-11-29 00:05:42 -0500


Started GET "/assets/welcome.css?body=1" for 127.0.0.1 at 2013-11-29 00:05:42 -0500


Started GET "/assets/jquery.js?body=1" for 127.0.0.1 at 2013-11-29 00:05:42 -0500


Started GET "/assets/application.js?body=1" for 127.0.0.1 at 2013-11-29 00:05:42 -0500


Started GET "/assets/welcome.js?body=1" for 127.0.0.1 at 2013-11-29 00:05:42 -0500


Started GET "/movies" for 127.0.0.1 at 2013-11-29 00:06:52 -0500
Processing by MoviesController#index as HTML
  Rendered movies/index.html.erb within layouts/application (0.9ms)
Completed 200 OK in 11ms (Views: 9.8ms | ActiveRecord: 0.0ms)


Started GET "/assets/welcome.css?body=1" for 127.0.0.1 at 2013-11-29 00:06:52 -0500


Started GET "/assets/application.css?body=1" for 127.0.0.1 at 2013-11-29 00:06:52 -0500


Started GET "/assets/movies.css?body=1" for 127.0.0.1 at 2013-11-29 00:06:52 -0500


Started GET "/assets/turbolinks.js?body=1" for 127.0.0.1 at 2013-11-29 00:06:52 -0500


Started GET "/assets/jquery.js?body=1" for 127.0.0.1 at 2013-11-29 00:06:52 -0500


Started GET "/assets/jquery_ujs.js?body=1" for 127.0.0.1 at 2013-11-29 00:06:52 -0500


Started GET "/assets/movies.js?body=1" for 127.0.0.1 at 2013-11-29 00:06:52 -0500


Started GET "/assets/welcome.js?body=1" for 127.0.0.1 at 2013-11-29 00:06:52 -0500


Started GET "/assets/application.js?body=1" for 127.0.0.1 at 2013-11-29 00:06:52 -0500


Started GET "/movies/new" for 127.0.0.1 at 2013-11-29 00:06:53 -0500
Processing by MoviesController#new as HTML
  Rendered movies/new.html.erb within layouts/application (0.3ms)
Completed 200 OK in 3ms (Views: 3.0ms | ActiveRecord: 0.0ms)


Started GET "/movies" for 127.0.0.1 at 2013-11-29 00:18:54 -0500
Processing by MoviesController#index as HTML
  Rendered movies/index.html.erb within layouts/application (0.6ms)
Completed 200 OK in 53ms (Views: 40.8ms | ActiveRecord: 0.0ms)


Started GET "/assets/application.css?body=1" for 127.0.0.1 at 2013-11-29 00:18:54 -0500


Started GET "/assets/jquery.js?body=1" for 127.0.0.1 at 2013-11-29 00:18:54 -0500


Started GET "/assets/welcome.css?body=1" for 127.0.0.1 at 2013-11-29 00:18:54 -0500


Started GET "/assets/movies.css?body=1" for 127.0.0.1 at 2013-11-29 00:18:54 -0500


Started GET "/assets/turbolinks.js?body=1" for 127.0.0.1 at 2013-11-29 00:18:54 -0500


Started GET "/assets/jquery_ujs.js?body=1" for 127.0.0.1 at 2013-11-29 00:18:54 -0500


Started GET "/assets/movies.js?body=1" for 127.0.0.1 at 2013-11-29 00:18:54 -0500


Started GET "/assets/welcome.js?body=1" for 127.0.0.1 at 2013-11-29 00:18:54 -0500


Started GET "/assets/application.js?body=1" for 127.0.0.1 at 2013-11-29 00:18:54 -0500


Started GET "/movies/new" for 127.0.0.1 at 2013-11-29 00:18:56 -0500
Processing by MoviesController#new as HTML
  Rendered movies/new.html.erb within layouts/application (117.1ms)
Completed 200 OK in 121ms (Views: 120.1ms | ActiveRecord: 0.0ms)


Started POST "/movies" for 127.0.0.1 at 2013-11-29 00:19:06 -0500

ActionController::RoutingError (No route matches [POST] "/movies"):
  actionpack (4.0.1) lib/action_dispatch/middleware/debug_exceptions.rb:21:in `call'
  actionpack (4.0.1) lib/action_dispatch/middleware/show_exceptions.rb:30:in `call'
  railties (4.0.1) lib/rails/rack/logger.rb:38:in `call_app'
  railties (4.0.1) lib/rails/rack/logger.rb:20:in `block in call'
  activesupport (4.0.1) lib/active_support/tagged_logging.rb:67:in `block in tagged'
  activesupport (4.0.1) lib/active_support/tagged_logging.rb:25:in `tagged'
  activesupport (4.0.1) lib/active_support/tagged_logging.rb:67:in `tagged'
  railties (4.0.1) lib/rails/rack/logger.rb:20:in `call'
  actionpack (4.0.1) lib/action_dispatch/middleware/request_id.rb:21:in `call'
  rack (1.5.2) lib/rack/methodoverride.rb:21:in `call'
  rack (1.5.2) lib/rack/runtime.rb:17:in `call'
  activesupport (4.0.1) lib/active_support/cache/strategy/local_cache.rb:83:in `call'
  rack (1.5.2) lib/rack/lock.rb:17:in `call'
  actionpack (4.0.1) lib/action_dispatch/middleware/static.rb:64:in `call'
  rack (1.5.2) lib/rack/sendfile.rb:112:in `call'
  railties (4.0.1) lib/rails/engine.rb:511:in `call'
  railties (4.0.1) lib/rails/application.rb:97:in `call'
  rack (1.5.2) lib/rack/lock.rb:17:in `call'
  rack (1.5.2) lib/rack/content_length.rb:14:in `call'
  rack (1.5.2) lib/rack/handler/webrick.rb:60:in `service'
  /home/sfisher/.rvm/rubies/ruby-2.0.0-p247/lib/ruby/2.0.0/webrick/httpserver.rb:138:in `service'
  /home/sfisher/.rvm/rubies/ruby-2.0.0-p247/lib/ruby/2.0.0/webrick/httpserver.rb:94:in `run'
  /home/sfisher/.rvm/rubies/ruby-2.0.0-p247/lib/ruby/2.0.0/webrick/server.rb:295:in `block in start_thread'


  Rendered /home/sfisher/.rvm/gems/ruby-2.0.0-p247/gems/actionpack-4.0.1/lib/action_dispatch/middleware/templates/rescues/_trace.erb (0.7ms)
  Rendered /home/sfisher/.rvm/gems/ruby-2.0.0-p247/gems/actionpack-4.0.1/lib/action_dispatch/middleware/templates/routes/_route.html.erb (0.8ms)
  Rendered /home/sfisher/.rvm/gems/ruby-2.0.0-p247/gems/actionpack-4.0.1/lib/action_dispatch/middleware/templates/routes/_table.html.erb (1.2ms)
  Rendered /home/sfisher/.rvm/gems/ruby-2.0.0-p247/gems/actionpack-4.0.1/lib/action_dispatch/middleware/templates/rescues/routing_error.erb within rescues/layout (28.2ms)


Started POST "/movies" for 127.0.0.1 at 2013-11-29 00:21:53 -0500

ActionController::RoutingError (No route matches [POST] "/movies"):
  actionpack (4.0.1) lib/action_dispatch/middleware/debug_exceptions.rb:21:in `call'
  actionpack (4.0.1) lib/action_dispatch/middleware/show_exceptions.rb:30:in `call'
  railties (4.0.1) lib/rails/rack/logger.rb:38:in `call_app'
  railties (4.0.1) lib/rails/rack/logger.rb:20:in `block in call'
  activesupport (4.0.1) lib/active_support/tagged_logging.rb:67:in `block in tagged'
  activesupport (4.0.1) lib/active_support/tagged_logging.rb:25:in `tagged'
  activesupport (4.0.1) lib/active_support/tagged_logging.rb:67:in `tagged'
  railties (4.0.1) lib/rails/rack/logger.rb:20:in `call'
  actionpack (4.0.1) lib/action_dispatch/middleware/request_id.rb:21:in `call'
  rack (1.5.2) lib/rack/methodoverride.rb:21:in `call'
  rack (1.5.2) lib/rack/runtime.rb:17:in `call'
  activesupport (4.0.1) lib/active_support/cache/strategy/local_cache.rb:83:in `call'
  rack (1.5.2) lib/rack/lock.rb:17:in `call'
  actionpack (4.0.1) lib/action_dispatch/middleware/static.rb:64:in `call'
  rack (1.5.2) lib/rack/sendfile.rb:112:in `call'
  railties (4.0.1) lib/rails/engine.rb:511:in `call'
  railties (4.0.1) lib/rails/application.rb:97:in `call'
  rack (1.5.2) lib/rack/lock.rb:17:in `call'
  rack (1.5.2) lib/rack/content_length.rb:14:in `call'
  rack (1.5.2) lib/rack/handler/webrick.rb:60:in `service'
  /home/sfisher/.rvm/rubies/ruby-2.0.0-p247/lib/ruby/2.0.0/webrick/httpserver.rb:138:in `service'
  /home/sfisher/.rvm/rubies/ruby-2.0.0-p247/lib/ruby/2.0.0/webrick/httpserver.rb:94:in `run'
  /home/sfisher/.rvm/rubies/ruby-2.0.0-p247/lib/ruby/2.0.0/webrick/server.rb:295:in `block in start_thread'


  Rendered /home/sfisher/.rvm/gems/ruby-2.0.0-p247/gems/actionpack-4.0.1/lib/action_dispatch/middleware/templates/rescues/_trace.erb (0.8ms)
  Rendered /home/sfisher/.rvm/gems/ruby-2.0.0-p247/gems/actionpack-4.0.1/lib/action_dispatch/middleware/templates/routes/_route.html.erb (0.5ms)
  Rendered /home/sfisher/.rvm/gems/ruby-2.0.0-p247/gems/actionpack-4.0.1/lib/action_dispatch/middleware/templates/routes/_table.html.erb (0.6ms)
  Rendered /home/sfisher/.rvm/gems/ruby-2.0.0-p247/gems/actionpack-4.0.1/lib/action_dispatch/middleware/templates/rescues/routing_error.erb within rescues/layout (9.1ms)


Started POST "/movies" for 127.0.0.1 at 2013-11-29 00:22:05 -0500

ActionController::RoutingError (No route matches [POST] "/movies"):
  actionpack (4.0.1) lib/action_dispatch/middleware/debug_exceptions.rb:21:in `call'
  actionpack (4.0.1) lib/action_dispatch/middleware/show_exceptions.rb:30:in `call'
  railties (4.0.1) lib/rails/rack/logger.rb:38:in `call_app'
  railties (4.0.1) lib/rails/rack/logger.rb:20:in `block in call'
  activesupport (4.0.1) lib/active_support/tagged_logging.rb:67:in `block in tagged'
  activesupport (4.0.1) lib/active_support/tagged_logging.rb:25:in `tagged'
  activesupport (4.0.1) lib/active_support/tagged_logging.rb:67:in `tagged'
  railties (4.0.1) lib/rails/rack/logger.rb:20:in `call'
  actionpack (4.0.1) lib/action_dispatch/middleware/request_id.rb:21:in `call'
  rack (1.5.2) lib/rack/methodoverride.rb:21:in `call'
  rack (1.5.2) lib/rack/runtime.rb:17:in `call'
  activesupport (4.0.1) lib/active_support/cache/strategy/local_cache.rb:83:in `call'
  rack (1.5.2) lib/rack/lock.rb:17:in `call'
  actionpack (4.0.1) lib/action_dispatch/middleware/static.rb:64:in `call'
  rack (1.5.2) lib/rack/sendfile.rb:112:in `call'
  railties (4.0.1) lib/rails/engine.rb:511:in `call'
  railties (4.0.1) lib/rails/application.rb:97:in `call'
  rack (1.5.2) lib/rack/lock.rb:17:in `call'
  rack (1.5.2) lib/rack/content_length.rb:14:in `call'
  rack (1.5.2) lib/rack/handler/webrick.rb:60:in `service'
  /home/sfisher/.rvm/rubies/ruby-2.0.0-p247/lib/ruby/2.0.0/webrick/httpserver.rb:138:in `service'
  /home/sfisher/.rvm/rubies/ruby-2.0.0-p247/lib/ruby/2.0.0/webrick/httpserver.rb:94:in `run'
  /home/sfisher/.rvm/rubies/ruby-2.0.0-p247/lib/ruby/2.0.0/webrick/server.rb:295:in `block in start_thread'


  Rendered /home/sfisher/.rvm/gems/ruby-2.0.0-p247/gems/actionpack-4.0.1/lib/action_dispatch/middleware/templates/rescues/_trace.erb (0.6ms)
  Rendered /home/sfisher/.rvm/gems/ruby-2.0.0-p247/gems/actionpack-4.0.1/lib/action_dispatch/middleware/templates/routes/_route.html.erb (2.1ms)
  Rendered /home/sfisher/.rvm/gems/ruby-2.0.0-p247/gems/actionpack-4.0.1/lib/action_dispatch/middleware/templates/routes/_table.html.erb (0.7ms)
  Rendered /home/sfisher/.rvm/gems/ruby-2.0.0-p247/gems/actionpack-4.0.1/lib/action_dispatch/middleware/templates/rescues/routing_error.erb within rescues/layout (18.5ms)


Started POST "/movies" for 127.0.0.1 at 2013-11-29 00:26:19 -0500

ActionController::RoutingError (No route matches [POST] "/movies"):
  actionpack (4.0.1) lib/action_dispatch/middleware/debug_exceptions.rb:21:in `call'
  actionpack (4.0.1) lib/action_dispatch/middleware/show_exceptions.rb:30:in `call'
  railties (4.0.1) lib/rails/rack/logger.rb:38:in `call_app'
  railties (4.0.1) lib/rails/rack/logger.rb:20:in `block in call'
  activesupport (4.0.1) lib/active_support/tagged_logging.rb:67:in `block in tagged'
  activesupport (4.0.1) lib/active_support/tagged_logging.rb:25:in `tagged'
  activesupport (4.0.1) lib/active_support/tagged_logging.rb:67:in `tagged'
  railties (4.0.1) lib/rails/rack/logger.rb:20:in `call'
  actionpack (4.0.1) lib/action_dispatch/middleware/request_id.rb:21:in `call'
  rack (1.5.2) lib/rack/methodoverride.rb:21:in `call'
  rack (1.5.2) lib/rack/runtime.rb:17:in `call'
  activesupport (4.0.1) lib/active_support/cache/strategy/local_cache.rb:83:in `call'
  rack (1.5.2) lib/rack/lock.rb:17:in `call'
  actionpack (4.0.1) lib/action_dispatch/middleware/static.rb:64:in `call'
  rack (1.5.2) lib/rack/sendfile.rb:112:in `call'
  railties (4.0.1) lib/rails/engine.rb:511:in `call'
  railties (4.0.1) lib/rails/application.rb:97:in `call'
  rack (1.5.2) lib/rack/lock.rb:17:in `call'
  rack (1.5.2) lib/rack/content_length.rb:14:in `call'
  rack (1.5.2) lib/rack/handler/webrick.rb:60:in `service'
  /home/sfisher/.rvm/rubies/ruby-2.0.0-p247/lib/ruby/2.0.0/webrick/httpserver.rb:138:in `service'
  /home/sfisher/.rvm/rubies/ruby-2.0.0-p247/lib/ruby/2.0.0/webrick/httpserver.rb:94:in `run'
  /home/sfisher/.rvm/rubies/ruby-2.0.0-p247/lib/ruby/2.0.0/webrick/server.rb:295:in `block in start_thread'


  Rendered /home/sfisher/.rvm/gems/ruby-2.0.0-p247/gems/actionpack-4.0.1/lib/action_dispatch/middleware/templates/rescues/_trace.erb (0.7ms)
  Rendered /home/sfisher/.rvm/gems/ruby-2.0.0-p247/gems/actionpack-4.0.1/lib/action_dispatch/middleware/templates/routes/_route.html.erb (0.5ms)
  Rendered /home/sfisher/.rvm/gems/ruby-2.0.0-p247/gems/actionpack-4.0.1/lib/action_dispatch/middleware/templates/routes/_table.html.erb (0.8ms)
  Rendered /home/sfisher/.rvm/gems/ruby-2.0.0-p247/gems/actionpack-4.0.1/lib/action_dispatch/middleware/templates/rescues/routing_error.erb within rescues/layout (31.1ms)


Started POST "/movies" for 127.0.0.1 at 2013-11-29 00:27:32 -0500

ActionController::RoutingError (No route matches [POST] "/movies"):
  actionpack (4.0.1) lib/action_dispatch/middleware/debug_exceptions.rb:21:in `call'
  actionpack (4.0.1) lib/action_dispatch/middleware/show_exceptions.rb:30:in `call'
  railties (4.0.1) lib/rails/rack/logger.rb:38:in `call_app'
  railties (4.0.1) lib/rails/rack/logger.rb:20:in `block in call'
  activesupport (4.0.1) lib/active_support/tagged_logging.rb:67:in `block in tagged'
  activesupport (4.0.1) lib/active_support/tagged_logging.rb:25:in `tagged'
  activesupport (4.0.1) lib/active_support/tagged_logging.rb:67:in `tagged'
  railties (4.0.1) lib/rails/rack/logger.rb:20:in `call'
  actionpack (4.0.1) lib/action_dispatch/middleware/request_id.rb:21:in `call'
  rack (1.5.2) lib/rack/methodoverride.rb:21:in `call'
  rack (1.5.2) lib/rack/runtime.rb:17:in `call'
  activesupport (4.0.1) lib/active_support/cache/strategy/local_cache.rb:83:in `call'
  rack (1.5.2) lib/rack/lock.rb:17:in `call'
  actionpack (4.0.1) lib/action_dispatch/middleware/static.rb:64:in `call'
  rack (1.5.2) lib/rack/sendfile.rb:112:in `call'
  railties (4.0.1) lib/rails/engine.rb:511:in `call'
  railties (4.0.1) lib/rails/application.rb:97:in `call'
  rack (1.5.2) lib/rack/lock.rb:17:in `call'
  rack (1.5.2) lib/rack/content_length.rb:14:in `call'
  rack (1.5.2) lib/rack/handler/webrick.rb:60:in `service'
  /home/sfisher/.rvm/rubies/ruby-2.0.0-p247/lib/ruby/2.0.0/webrick/httpserver.rb:138:in `service'
  /home/sfisher/.rvm/rubies/ruby-2.0.0-p247/lib/ruby/2.0.0/webrick/httpserver.rb:94:in `run'
  /home/sfisher/.rvm/rubies/ruby-2.0.0-p247/lib/ruby/2.0.0/webrick/server.rb:295:in `block in start_thread'


  Rendered /home/sfisher/.rvm/gems/ruby-2.0.0-p247/gems/actionpack-4.0.1/lib/action_dispatch/middleware/templates/rescues/_trace.erb (0.8ms)
  Rendered /home/sfisher/.rvm/gems/ruby-2.0.0-p247/gems/actionpack-4.0.1/lib/action_dispatch/middleware/templates/routes/_route.html.erb (0.5ms)
  Rendered /home/sfisher/.rvm/gems/ruby-2.0.0-p247/gems/actionpack-4.0.1/lib/action_dispatch/middleware/templates/routes/_table.html.erb (0.9ms)
  Rendered /home/sfisher/.rvm/gems/ruby-2.0.0-p247/gems/actionpack-4.0.1/lib/action_dispatch/middleware/templates/rescues/routing_error.erb within rescues/layout (16.3ms)


Started POST "/movies" for 127.0.0.1 at 2013-11-29 00:27:38 -0500

ActionController::RoutingError (No route matches [POST] "/movies"):
  actionpack (4.0.1) lib/action_dispatch/middleware/debug_exceptions.rb:21:in `call'
  actionpack (4.0.1) lib/action_dispatch/middleware/show_exceptions.rb:30:in `call'
  railties (4.0.1) lib/rails/rack/logger.rb:38:in `call_app'
  railties (4.0.1) lib/rails/rack/logger.rb:20:in `block in call'
  activesupport (4.0.1) lib/active_support/tagged_logging.rb:67:in `block in tagged'
  activesupport (4.0.1) lib/active_support/tagged_logging.rb:25:in `tagged'
  activesupport (4.0.1) lib/active_support/tagged_logging.rb:67:in `tagged'
  railties (4.0.1) lib/rails/rack/logger.rb:20:in `call'
  actionpack (4.0.1) lib/action_dispatch/middleware/request_id.rb:21:in `call'
  rack (1.5.2) lib/rack/methodoverride.rb:21:in `call'
  rack (1.5.2) lib/rack/runtime.rb:17:in `call'
  activesupport (4.0.1) lib/active_support/cache/strategy/local_cache.rb:83:in `call'
  rack (1.5.2) lib/rack/lock.rb:17:in `call'
  actionpack (4.0.1) lib/action_dispatch/middleware/static.rb:64:in `call'
  rack (1.5.2) lib/rack/sendfile.rb:112:in `call'
  railties (4.0.1) lib/rails/engine.rb:511:in `call'
  railties (4.0.1) lib/rails/application.rb:97:in `call'
  rack (1.5.2) lib/rack/lock.rb:17:in `call'
  rack (1.5.2) lib/rack/content_length.rb:14:in `call'
  rack (1.5.2) lib/rack/handler/webrick.rb:60:in `service'
  /home/sfisher/.rvm/rubies/ruby-2.0.0-p247/lib/ruby/2.0.0/webrick/httpserver.rb:138:in `service'
  /home/sfisher/.rvm/rubies/ruby-2.0.0-p247/lib/ruby/2.0.0/webrick/httpserver.rb:94:in `run'
  /home/sfisher/.rvm/rubies/ruby-2.0.0-p247/lib/ruby/2.0.0/webrick/server.rb:295:in `block in start_thread'


  Rendered /home/sfisher/.rvm/gems/ruby-2.0.0-p247/gems/actionpack-4.0.1/lib/action_dispatch/middleware/templates/rescues/_trace.erb (0.6ms)
  Rendered /home/sfisher/.rvm/gems/ruby-2.0.0-p247/gems/actionpack-4.0.1/lib/action_dispatch/middleware/templates/routes/_route.html.erb (0.5ms)
  Rendered /home/sfisher/.rvm/gems/ruby-2.0.0-p247/gems/actionpack-4.0.1/lib/action_dispatch/middleware/templates/routes/_table.html.erb (0.6ms)
  Rendered /home/sfisher/.rvm/gems/ruby-2.0.0-p247/gems/actionpack-4.0.1/lib/action_dispatch/middleware/templates/rescues/routing_error.erb within rescues/layout (8.7ms)


Started POST "/movies" for 127.0.0.1 at 2013-11-29 00:29:30 -0500

ActionController::RoutingError (No route matches [POST] "/movies"):
  actionpack (4.0.1) lib/action_dispatch/middleware/debug_exceptions.rb:21:in `call'
  actionpack (4.0.1) lib/action_dispatch/middleware/show_exceptions.rb:30:in `call'
  railties (4.0.1) lib/rails/rack/logger.rb:38:in `call_app'
  railties (4.0.1) lib/rails/rack/logger.rb:20:in `block in call'
  activesupport (4.0.1) lib/active_support/tagged_logging.rb:67:in `block in tagged'
  activesupport (4.0.1) lib/active_support/tagged_logging.rb:25:in `tagged'
  activesupport (4.0.1) lib/active_support/tagged_logging.rb:67:in `tagged'
  railties (4.0.1) lib/rails/rack/logger.rb:20:in `call'
  actionpack (4.0.1) lib/action_dispatch/middleware/request_id.rb:21:in `call'
  rack (1.5.2) lib/rack/methodoverride.rb:21:in `call'
  rack (1.5.2) lib/rack/runtime.rb:17:in `call'
  activesupport (4.0.1) lib/active_support/cache/strategy/local_cache.rb:83:in `call'
  rack (1.5.2) lib/rack/lock.rb:17:in `call'
  actionpack (4.0.1) lib/action_dispatch/middleware/static.rb:64:in `call'
  rack (1.5.2) lib/rack/sendfile.rb:112:in `call'
  railties (4.0.1) lib/rails/engine.rb:511:in `call'
  railties (4.0.1) lib/rails/application.rb:97:in `call'
  rack (1.5.2) lib/rack/lock.rb:17:in `call'
  rack (1.5.2) lib/rack/content_length.rb:14:in `call'
  rack (1.5.2) lib/rack/handler/webrick.rb:60:in `service'
  /home/sfisher/.rvm/rubies/ruby-2.0.0-p247/lib/ruby/2.0.0/webrick/httpserver.rb:138:in `service'
  /home/sfisher/.rvm/rubies/ruby-2.0.0-p247/lib/ruby/2.0.0/webrick/httpserver.rb:94:in `run'
  /home/sfisher/.rvm/rubies/ruby-2.0.0-p247/lib/ruby/2.0.0/webrick/server.rb:295:in `block in start_thread'


  Rendered /home/sfisher/.rvm/gems/ruby-2.0.0-p247/gems/actionpack-4.0.1/lib/action_dispatch/middleware/templates/rescues/_trace.erb (0.6ms)
  Rendered /home/sfisher/.rvm/gems/ruby-2.0.0-p247/gems/actionpack-4.0.1/lib/action_dispatch/middleware/templates/routes/_route.html.erb (0.4ms)
  Rendered /home/sfisher/.rvm/gems/ruby-2.0.0-p247/gems/actionpack-4.0.1/lib/action_dispatch/middleware/templates/routes/_table.html.erb (0.7ms)
  Rendered /home/sfisher/.rvm/gems/ruby-2.0.0-p247/gems/actionpack-4.0.1/lib/action_dispatch/middleware/templates/rescues/routing_error.erb within rescues/layout (8.6ms)


Started POST "/movies" for 127.0.0.1 at 2013-11-29 00:29:58 -0500

ArgumentError (missing :controller):
  config/routes.rb:59:in `block in <top (required)>'
  config/routes.rb:1:in `<top (required)>'


  Rendered /home/sfisher/.rvm/gems/ruby-2.0.0-p247/gems/actionpack-4.0.1/lib/action_dispatch/middleware/templates/rescues/_source.erb (0.5ms)
  Rendered /home/sfisher/.rvm/gems/ruby-2.0.0-p247/gems/actionpack-4.0.1/lib/action_dispatch/middleware/templates/rescues/_trace.erb (0.9ms)
  Rendered /home/sfisher/.rvm/gems/ruby-2.0.0-p247/gems/actionpack-4.0.1/lib/action_dispatch/middleware/templates/rescues/_request_and_response.erb (0.6ms)
  Rendered /home/sfisher/.rvm/gems/ruby-2.0.0-p247/gems/actionpack-4.0.1/lib/action_dispatch/middleware/templates/rescues/diagnostics.erb within rescues/layout (10.6ms)


Started POST "/movies" for 127.0.0.1 at 2013-11-29 00:31:38 -0500
Processing by MoviesController#create as HTML
  Parameters: {"utf8"=>"✓", "authenticity_token"=>"1Kr69yNpQzuRvRqHgmZ6nj7YYAxQhXXxiQKGReehhnI=", "movie"=>{"title"=>"sdfsdf", "text"=>"sdfsdfsdf"}, "commit"=>"Save Movie"}
  Rendered text template (0.0ms)
Completed 200 OK in 7ms (Views: 5.9ms | ActiveRecord: 0.0ms)


Started POST "/movies" for 127.0.0.1 at 2013-11-29 00:32:28 -0500
Processing by MoviesController#create as HTML
  Parameters: {"utf8"=>"✓", "authenticity_token"=>"1Kr69yNpQzuRvRqHgmZ6nj7YYAxQhXXxiQKGReehhnI=", "movie"=>{"title"=>"sdfsdf", "text"=>"sdfsdfsdf"}, "commit"=>"Save Movie"}
  Rendered text template (0.0ms)
Completed 200 OK in 1ms (Views: 0.3ms | ActiveRecord: 0.0ms)
  [1m[36m (115.4ms)[0m  [1mCREATE TABLE "schema_migrations" ("version" varchar(255) NOT NULL) [0m
  [1m[35m (91.7ms)[0m  CREATE UNIQUE INDEX "unique_schema_migrations" ON "schema_migrations" ("version")
  [1m[36mActiveRecord::SchemaMigration Load (0.1ms)[0m  [1mSELECT "schema_migrations".* FROM "schema_migrations"[0m
Migrating to CreateMovies (20131129055310)
  [1m[35m (0.1ms)[0m  begin transaction
  [1m[36m (0.2ms)[0m  [1mCREATE TABLE "movies" ("id" INTEGER PRIMARY KEY AUTOINCREMENT NOT NULL, "title" varchar(255), "text" text, "created_at" datetime, "updated_at" datetime) [0m
  [1m[35mSQL (0.2ms)[0m  INSERT INTO "schema_migrations" ("version") VALUES (?)  [["version", "20131129055310"]]
  [1m[36m (100.9ms)[0m  [1mcommit transaction[0m
  [1m[35mActiveRecord::SchemaMigration Load (0.1ms)[0m  SELECT "schema_migrations".* FROM "schema_migrations"
